{"src/array.js":{"path":"src/array.js","s":{"1":1,"2":1,"3":3,"4":2,"5":1,"6":1,"7":3,"8":2,"9":1,"10":1,"11":3,"12":2,"13":1,"14":1,"15":1,"16":3,"17":1,"18":2,"19":2,"20":4,"21":2},"b":{"1":[2,1],"2":[3,2],"3":[2,1],"4":[3,2],"5":[2,1],"6":[3,2]},"f":{"1":1,"2":3,"3":3,"4":3,"5":1,"6":2},"fnMap":{"1":{"name":"(anonymous_1)","line":1,"loc":{"start":{"line":1,"column":1},"end":{"line":1,"column":12}}},"2":{"name":"(anonymous_2)","line":5,"loc":{"start":{"line":5,"column":35},"end":{"line":5,"column":57}}},"3":{"name":"(anonymous_3)","line":14,"loc":{"start":{"line":14,"column":34},"end":{"line":14,"column":56}}},"4":{"name":"(anonymous_4)","line":23,"loc":{"start":{"line":23,"column":31},"end":{"line":23,"column":47}}},"5":{"name":"(anonymous_5)","line":31,"loc":{"start":{"line":31,"column":32},"end":{"line":31,"column":43}}},"6":{"name":"(anonymous_6)","line":38,"loc":{"start":{"line":38,"column":27},"end":{"line":38,"column":38}}}},"statementMap":{"1":{"start":{"line":1,"column":0},"end":{"line":46,"column":5}},"2":{"start":{"line":5,"column":4},"end":{"line":10,"column":6}},"3":{"start":{"line":6,"column":8},"end":{"line":8,"column":9}},"4":{"start":{"line":7,"column":12},"end":{"line":7,"column":50}},"5":{"start":{"line":9,"column":8},"end":{"line":9,"column":36}},"6":{"start":{"line":14,"column":4},"end":{"line":19,"column":6}},"7":{"start":{"line":15,"column":8},"end":{"line":17,"column":9}},"8":{"start":{"line":16,"column":12},"end":{"line":16,"column":50}},"9":{"start":{"line":18,"column":8},"end":{"line":18,"column":40}},"10":{"start":{"line":23,"column":4},"end":{"line":28,"column":6}},"11":{"start":{"line":24,"column":8},"end":{"line":26,"column":9}},"12":{"start":{"line":25,"column":12},"end":{"line":25,"column":50}},"13":{"start":{"line":27,"column":8},"end":{"line":27,"column":30}},"14":{"start":{"line":31,"column":4},"end":{"line":35,"column":6}},"15":{"start":{"line":32,"column":8},"end":{"line":34,"column":9}},"16":{"start":{"line":33,"column":12},"end":{"line":33,"column":23}},"17":{"start":{"line":38,"column":4},"end":{"line":44,"column":6}},"18":{"start":{"line":39,"column":8},"end":{"line":39,"column":26}},"19":{"start":{"line":40,"column":8},"end":{"line":42,"column":9}},"20":{"start":{"line":41,"column":12},"end":{"line":41,"column":39}},"21":{"start":{"line":43,"column":8},"end":{"line":43,"column":24}}},"branchMap":{"1":{"line":6,"type":"if","locations":[{"start":{"line":6,"column":8},"end":{"line":6,"column":8}},{"start":{"line":6,"column":8},"end":{"line":6,"column":8}}]},"2":{"line":6,"type":"binary-expr","locations":[{"start":{"line":6,"column":12},"end":{"line":6,"column":35}},{"start":{"line":6,"column":39},"end":{"line":6,"column":48}}]},"3":{"line":15,"type":"if","locations":[{"start":{"line":15,"column":8},"end":{"line":15,"column":8}},{"start":{"line":15,"column":8},"end":{"line":15,"column":8}}]},"4":{"line":15,"type":"binary-expr","locations":[{"start":{"line":15,"column":12},"end":{"line":15,"column":35}},{"start":{"line":15,"column":39},"end":{"line":15,"column":48}}]},"5":{"line":24,"type":"if","locations":[{"start":{"line":24,"column":8},"end":{"line":24,"column":8}},{"start":{"line":24,"column":8},"end":{"line":24,"column":8}}]},"6":{"line":24,"type":"binary-expr","locations":[{"start":{"line":24,"column":12},"end":{"line":24,"column":35}},{"start":{"line":24,"column":39},"end":{"line":24,"column":48}}]}}},"src/binaryTree.js":{"path":"src/binaryTree.js","s":{"1":1,"2":11,"3":11,"4":11,"5":62,"6":9,"7":53,"8":53,"9":33,"10":53,"11":26,"12":16,"13":10,"14":27,"15":26,"16":16,"17":10,"18":1,"19":11,"20":33,"21":1,"22":32,"23":14,"24":32,"25":16,"26":4,"27":12,"28":3,"29":9,"30":16,"31":15,"32":3,"33":12,"34":3,"35":9,"36":1,"37":1,"38":63,"39":63,"40":63,"41":63},"b":{"1":[9,53],"2":[33,20],"3":[53,20],"4":[26,27],"5":[16,10],"6":[26,1],"7":[16,10],"8":[1,32],"9":[14,18],"10":[32,18],"11":[16,16],"12":[4,12],"13":[3,9],"14":[15,1],"15":[3,12],"16":[3,9]},"f":{"1":11,"2":62,"3":33,"4":63},"fnMap":{"1":{"name":"BinaryTree","line":1,"loc":{"start":{"line":1,"column":-15},"end":{"line":1,"column":22}}},"2":{"name":"(anonymous_2)","line":6,"loc":{"start":{"line":6,"column":19},"end":{"line":6,"column":39}}},"3":{"name":"(anonymous_3)","line":41,"loc":{"start":{"line":41,"column":19},"end":{"line":41,"column":40}}},"4":{"name":"BinaryTreeNode","line":81,"loc":{"start":{"line":81,"column":0},"end":{"line":81,"column":29}}}},"statementMap":{"1":{"start":{"line":1,"column":-15},"end":{"line":79,"column":1}},"2":{"start":{"line":3,"column":4},"end":{"line":3,"column":20}},"3":{"start":{"line":4,"column":4},"end":{"line":4,"column":25}},"4":{"start":{"line":6,"column":4},"end":{"line":39,"column":6}},"5":{"start":{"line":8,"column":8},"end":{"line":37,"column":9}},"6":{"start":{"line":9,"column":12},"end":{"line":9,"column":52}},"7":{"start":{"line":12,"column":12},"end":{"line":12,"column":52}},"8":{"start":{"line":14,"column":12},"end":{"line":16,"column":13}},"9":{"start":{"line":15,"column":16},"end":{"line":15,"column":37}},"10":{"start":{"line":18,"column":12},"end":{"line":36,"column":13}},"11":{"start":{"line":19,"column":16},"end":{"line":24,"column":17}},"12":{"start":{"line":20,"column":20},"end":{"line":20,"column":46}},"13":{"start":{"line":23,"column":20},"end":{"line":23,"column":53}},"14":{"start":{"line":26,"column":17},"end":{"line":36,"column":13}},"15":{"start":{"line":27,"column":16},"end":{"line":32,"column":17}},"16":{"start":{"line":28,"column":20},"end":{"line":28,"column":47}},"17":{"start":{"line":31,"column":20},"end":{"line":31,"column":54}},"18":{"start":{"line":35,"column":16},"end":{"line":35,"column":54}},"19":{"start":{"line":41,"column":4},"end":{"line":77,"column":6}},"20":{"start":{"line":43,"column":8},"end":{"line":45,"column":9}},"21":{"start":{"line":44,"column":12},"end":{"line":44,"column":26}},"22":{"start":{"line":47,"column":8},"end":{"line":49,"column":9}},"23":{"start":{"line":48,"column":12},"end":{"line":48,"column":33}},"24":{"start":{"line":51,"column":8},"end":{"line":75,"column":9}},"25":{"start":{"line":52,"column":12},"end":{"line":60,"column":13}},"26":{"start":{"line":53,"column":16},"end":{"line":53,"column":30}},"27":{"start":{"line":55,"column":17},"end":{"line":60,"column":13}},"28":{"start":{"line":56,"column":16},"end":{"line":56,"column":37}},"29":{"start":{"line":59,"column":16},"end":{"line":59,"column":56}},"30":{"start":{"line":62,"column":13},"end":{"line":75,"column":9}},"31":{"start":{"line":63,"column":12},"end":{"line":71,"column":13}},"32":{"start":{"line":64,"column":16},"end":{"line":64,"column":30}},"33":{"start":{"line":66,"column":17},"end":{"line":71,"column":13}},"34":{"start":{"line":67,"column":16},"end":{"line":67,"column":38}},"35":{"start":{"line":70,"column":16},"end":{"line":70,"column":57}},"36":{"start":{"line":74,"column":12},"end":{"line":74,"column":24}},"37":{"start":{"line":81,"column":0},"end":{"line":86,"column":1}},"38":{"start":{"line":82,"column":4},"end":{"line":82,"column":20}},"39":{"start":{"line":83,"column":4},"end":{"line":83,"column":19}},"40":{"start":{"line":84,"column":4},"end":{"line":84,"column":25}},"41":{"start":{"line":85,"column":4},"end":{"line":85,"column":26}}},"branchMap":{"1":{"line":8,"type":"if","locations":[{"start":{"line":8,"column":8},"end":{"line":8,"column":8}},{"start":{"line":8,"column":8},"end":{"line":8,"column":8}}]},"2":{"line":14,"type":"if","locations":[{"start":{"line":14,"column":12},"end":{"line":14,"column":12}},{"start":{"line":14,"column":12},"end":{"line":14,"column":12}}]},"3":{"line":14,"type":"binary-expr","locations":[{"start":{"line":14,"column":15},"end":{"line":14,"column":42}},{"start":{"line":14,"column":46},"end":{"line":14,"column":59}}]},"4":{"line":18,"type":"if","locations":[{"start":{"line":18,"column":12},"end":{"line":18,"column":12}},{"start":{"line":18,"column":12},"end":{"line":18,"column":12}}]},"5":{"line":19,"type":"if","locations":[{"start":{"line":19,"column":16},"end":{"line":19,"column":16}},{"start":{"line":19,"column":16},"end":{"line":19,"column":16}}]},"6":{"line":26,"type":"if","locations":[{"start":{"line":26,"column":17},"end":{"line":26,"column":17}},{"start":{"line":26,"column":17},"end":{"line":26,"column":17}}]},"7":{"line":27,"type":"if","locations":[{"start":{"line":27,"column":16},"end":{"line":27,"column":16}},{"start":{"line":27,"column":16},"end":{"line":27,"column":16}}]},"8":{"line":43,"type":"if","locations":[{"start":{"line":43,"column":8},"end":{"line":43,"column":8}},{"start":{"line":43,"column":8},"end":{"line":43,"column":8}}]},"9":{"line":47,"type":"if","locations":[{"start":{"line":47,"column":8},"end":{"line":47,"column":8}},{"start":{"line":47,"column":8},"end":{"line":47,"column":8}}]},"10":{"line":47,"type":"binary-expr","locations":[{"start":{"line":47,"column":12},"end":{"line":47,"column":39}},{"start":{"line":47,"column":43},"end":{"line":47,"column":56}}]},"11":{"line":51,"type":"if","locations":[{"start":{"line":51,"column":8},"end":{"line":51,"column":8}},{"start":{"line":51,"column":8},"end":{"line":51,"column":8}}]},"12":{"line":52,"type":"if","locations":[{"start":{"line":52,"column":12},"end":{"line":52,"column":12}},{"start":{"line":52,"column":12},"end":{"line":52,"column":12}}]},"13":{"line":55,"type":"if","locations":[{"start":{"line":55,"column":17},"end":{"line":55,"column":17}},{"start":{"line":55,"column":17},"end":{"line":55,"column":17}}]},"14":{"line":62,"type":"if","locations":[{"start":{"line":62,"column":13},"end":{"line":62,"column":13}},{"start":{"line":62,"column":13},"end":{"line":62,"column":13}}]},"15":{"line":63,"type":"if","locations":[{"start":{"line":63,"column":12},"end":{"line":63,"column":12}},{"start":{"line":63,"column":12},"end":{"line":63,"column":12}}]},"16":{"line":66,"type":"if","locations":[{"start":{"line":66,"column":17},"end":{"line":66,"column":17}},{"start":{"line":66,"column":17},"end":{"line":66,"column":17}}]}}},"src/object.js":{"path":"src/object.js","s":{"1":1,"2":1,"3":2,"4":2,"5":7,"6":6,"7":2,"8":1,"9":2,"10":1,"11":2,"12":1,"13":2,"14":1,"15":3,"16":1,"17":2,"18":1,"19":2,"20":1,"21":6},"b":{"1":[6,1]},"f":{"1":1,"2":2,"3":2,"4":2,"5":2,"6":3,"7":2,"8":2,"9":6},"fnMap":{"1":{"name":"(anonymous_1)","line":9,"loc":{"start":{"line":9,"column":1},"end":{"line":9,"column":12}}},"2":{"name":"copyObject","line":11,"loc":{"start":{"line":11,"column":4},"end":{"line":11,"column":38}}},"3":{"name":"(anonymous_3)","line":27,"loc":{"start":{"line":27,"column":15},"end":{"line":27,"column":26}}},"4":{"name":"(anonymous_4)","line":40,"loc":{"start":{"line":40,"column":15},"end":{"line":40,"column":26}}},"5":{"name":"(anonymous_5)","line":50,"loc":{"start":{"line":50,"column":15},"end":{"line":50,"column":26}}},"6":{"name":"(anonymous_6)","line":60,"loc":{"start":{"line":60,"column":15},"end":{"line":60,"column":26}}},"7":{"name":"(anonymous_7)","line":70,"loc":{"start":{"line":70,"column":15},"end":{"line":70,"column":26}}},"8":{"name":"(anonymous_8)","line":79,"loc":{"start":{"line":79,"column":15},"end":{"line":79,"column":26}}},"9":{"name":"(anonymous_9)","line":91,"loc":{"start":{"line":91,"column":15},"end":{"line":91,"column":26}}}},"statementMap":{"1":{"start":{"line":9,"column":0},"end":{"line":99,"column":5}},"2":{"start":{"line":11,"column":4},"end":{"line":22,"column":5}},"3":{"start":{"line":12,"column":8},"end":{"line":12,"column":30}},"4":{"start":{"line":13,"column":8},"end":{"line":20,"column":9}},"5":{"start":{"line":18,"column":12},"end":{"line":19,"column":72}},"6":{"start":{"line":19,"column":16},"end":{"line":19,"column":72}},"7":{"start":{"line":21,"column":8},"end":{"line":21,"column":28}},"8":{"start":{"line":26,"column":4},"end":{"line":33,"column":7}},"9":{"start":{"line":28,"column":12},"end":{"line":28,"column":36}},"10":{"start":{"line":39,"column":4},"end":{"line":46,"column":7}},"11":{"start":{"line":41,"column":12},"end":{"line":41,"column":77}},"12":{"start":{"line":49,"column":4},"end":{"line":56,"column":7}},"13":{"start":{"line":51,"column":12},"end":{"line":51,"column":46}},"14":{"start":{"line":59,"column":4},"end":{"line":66,"column":7}},"15":{"start":{"line":61,"column":12},"end":{"line":61,"column":44}},"16":{"start":{"line":69,"column":4},"end":{"line":76,"column":7}},"17":{"start":{"line":71,"column":12},"end":{"line":71,"column":78}},"18":{"start":{"line":78,"column":4},"end":{"line":85,"column":7}},"19":{"start":{"line":80,"column":12},"end":{"line":80,"column":79}},"20":{"start":{"line":90,"column":4},"end":{"line":97,"column":7}},"21":{"start":{"line":92,"column":12},"end":{"line":92,"column":98}}},"branchMap":{"1":{"line":18,"type":"if","locations":[{"start":{"line":18,"column":12},"end":{"line":18,"column":12}},{"start":{"line":18,"column":12},"end":{"line":18,"column":12}}]}}},"src/utility.js":{"path":"src/utility.js","s":{"1":1,"2":1},"b":{"1":[1,1]},"f":{},"fnMap":{},"statementMap":{"1":{"start":{"line":2,"column":0},"end":{"line":2,"column":18}},"2":{"start":{"line":4,"column":0},"end":{"line":8,"column":3}}},"branchMap":{"1":{"line":2,"type":"binary-expr","locations":[{"start":{"line":2,"column":9},"end":{"line":2,"column":11}},{"start":{"line":2,"column":15},"end":{"line":2,"column":17}}]}}}}