{"src/array.js":{"path":"src/array.js","s":{"1":1,"2":1,"3":3,"4":2,"5":1,"6":1,"7":3,"8":2,"9":1,"10":1,"11":3,"12":2,"13":1,"14":1,"15":1,"16":3,"17":1,"18":2,"19":2,"20":4,"21":2},"b":{"1":[2,1],"2":[3,2],"3":[2,1],"4":[3,2],"5":[2,1],"6":[3,2]},"f":{"1":1,"2":3,"3":3,"4":3,"5":1,"6":2},"fnMap":{"1":{"name":"(anonymous_1)","line":1,"loc":{"start":{"line":1,"column":1},"end":{"line":1,"column":12}}},"2":{"name":"(anonymous_2)","line":5,"loc":{"start":{"line":5,"column":35},"end":{"line":5,"column":57}}},"3":{"name":"(anonymous_3)","line":14,"loc":{"start":{"line":14,"column":34},"end":{"line":14,"column":56}}},"4":{"name":"(anonymous_4)","line":23,"loc":{"start":{"line":23,"column":31},"end":{"line":23,"column":47}}},"5":{"name":"(anonymous_5)","line":31,"loc":{"start":{"line":31,"column":32},"end":{"line":31,"column":43}}},"6":{"name":"(anonymous_6)","line":38,"loc":{"start":{"line":38,"column":27},"end":{"line":38,"column":38}}}},"statementMap":{"1":{"start":{"line":1,"column":0},"end":{"line":46,"column":5}},"2":{"start":{"line":5,"column":4},"end":{"line":10,"column":6}},"3":{"start":{"line":6,"column":8},"end":{"line":8,"column":9}},"4":{"start":{"line":7,"column":12},"end":{"line":7,"column":50}},"5":{"start":{"line":9,"column":8},"end":{"line":9,"column":36}},"6":{"start":{"line":14,"column":4},"end":{"line":19,"column":6}},"7":{"start":{"line":15,"column":8},"end":{"line":17,"column":9}},"8":{"start":{"line":16,"column":12},"end":{"line":16,"column":50}},"9":{"start":{"line":18,"column":8},"end":{"line":18,"column":40}},"10":{"start":{"line":23,"column":4},"end":{"line":28,"column":6}},"11":{"start":{"line":24,"column":8},"end":{"line":26,"column":9}},"12":{"start":{"line":25,"column":12},"end":{"line":25,"column":50}},"13":{"start":{"line":27,"column":8},"end":{"line":27,"column":30}},"14":{"start":{"line":31,"column":4},"end":{"line":35,"column":6}},"15":{"start":{"line":32,"column":8},"end":{"line":34,"column":9}},"16":{"start":{"line":33,"column":12},"end":{"line":33,"column":23}},"17":{"start":{"line":38,"column":4},"end":{"line":44,"column":6}},"18":{"start":{"line":39,"column":8},"end":{"line":39,"column":26}},"19":{"start":{"line":40,"column":8},"end":{"line":42,"column":9}},"20":{"start":{"line":41,"column":12},"end":{"line":41,"column":39}},"21":{"start":{"line":43,"column":8},"end":{"line":43,"column":24}}},"branchMap":{"1":{"line":6,"type":"if","locations":[{"start":{"line":6,"column":8},"end":{"line":6,"column":8}},{"start":{"line":6,"column":8},"end":{"line":6,"column":8}}]},"2":{"line":6,"type":"binary-expr","locations":[{"start":{"line":6,"column":12},"end":{"line":6,"column":35}},{"start":{"line":6,"column":39},"end":{"line":6,"column":48}}]},"3":{"line":15,"type":"if","locations":[{"start":{"line":15,"column":8},"end":{"line":15,"column":8}},{"start":{"line":15,"column":8},"end":{"line":15,"column":8}}]},"4":{"line":15,"type":"binary-expr","locations":[{"start":{"line":15,"column":12},"end":{"line":15,"column":35}},{"start":{"line":15,"column":39},"end":{"line":15,"column":48}}]},"5":{"line":24,"type":"if","locations":[{"start":{"line":24,"column":8},"end":{"line":24,"column":8}},{"start":{"line":24,"column":8},"end":{"line":24,"column":8}}]},"6":{"line":24,"type":"binary-expr","locations":[{"start":{"line":24,"column":12},"end":{"line":24,"column":35}},{"start":{"line":24,"column":39},"end":{"line":24,"column":48}}]}}},"src/object.js":{"path":"src/object.js","s":{"1":1,"2":1,"3":2,"4":2,"5":7,"6":6,"7":2,"8":1,"9":2,"10":1,"11":2,"12":1,"13":1},"b":{"1":[6,1]},"f":{"1":1,"2":2,"3":2,"4":2,"5":1},"fnMap":{"1":{"name":"(anonymous_1)","line":9,"loc":{"start":{"line":9,"column":1},"end":{"line":9,"column":12}}},"2":{"name":"copyObject","line":11,"loc":{"start":{"line":11,"column":4},"end":{"line":11,"column":38}}},"3":{"name":"(anonymous_3)","line":27,"loc":{"start":{"line":27,"column":15},"end":{"line":27,"column":26}}},"4":{"name":"(anonymous_4)","line":37,"loc":{"start":{"line":37,"column":15},"end":{"line":37,"column":26}}},"5":{"name":"(anonymous_5)","line":46,"loc":{"start":{"line":46,"column":15},"end":{"line":46,"column":26}}}},"statementMap":{"1":{"start":{"line":9,"column":0},"end":{"line":54,"column":5}},"2":{"start":{"line":11,"column":4},"end":{"line":22,"column":5}},"3":{"start":{"line":12,"column":8},"end":{"line":12,"column":30}},"4":{"start":{"line":13,"column":8},"end":{"line":20,"column":9}},"5":{"start":{"line":18,"column":12},"end":{"line":19,"column":72}},"6":{"start":{"line":19,"column":16},"end":{"line":19,"column":72}},"7":{"start":{"line":21,"column":8},"end":{"line":21,"column":28}},"8":{"start":{"line":26,"column":4},"end":{"line":33,"column":7}},"9":{"start":{"line":28,"column":12},"end":{"line":28,"column":36}},"10":{"start":{"line":36,"column":4},"end":{"line":43,"column":7}},"11":{"start":{"line":38,"column":12},"end":{"line":38,"column":77}},"12":{"start":{"line":45,"column":4},"end":{"line":52,"column":7}},"13":{"start":{"line":47,"column":12},"end":{"line":47,"column":46}}},"branchMap":{"1":{"line":18,"type":"if","locations":[{"start":{"line":18,"column":12},"end":{"line":18,"column":12}},{"start":{"line":18,"column":12},"end":{"line":18,"column":12}}]}}},"src/utility.js":{"path":"src/utility.js","s":{"1":1,"2":1},"b":{"1":[1,1]},"f":{},"fnMap":{},"statementMap":{"1":{"start":{"line":2,"column":0},"end":{"line":2,"column":18}},"2":{"start":{"line":4,"column":0},"end":{"line":8,"column":3}}},"branchMap":{"1":{"line":2,"type":"binary-expr","locations":[{"start":{"line":2,"column":9},"end":{"line":2,"column":11}},{"start":{"line":2,"column":15},"end":{"line":2,"column":17}}]}}}}